[00:01:16] [Server thread/INFO]: xRoma47x hit the ground too hard while trying to escape GrPatrixYT
[00:01:20] [Server thread/INFO]: [AngelChest] GrPatrixYT opened the AngelChest of xRoma47x at Location{world=CraftWorld{name=world},x=-745.0,y=67.0,z=15.0,pitch=0.0,yaw=0.0}
[00:01:35] [Server thread/INFO]: xRoma47x issued server command: /back
[00:01:41] [Server thread/INFO]: GrPatrixYT issued server command: /tp Cheta_YT
[00:01:41] [Server thread/INFO]: [GrPatrixYT: Teleported GrPatrixYT to Cheta_YT]
[00:02:06] [Server thread/INFO]: xRoma47x was slain by GrPatrixYT
[00:02:08] [Server thread/INFO]: xRoma47x issued server command: /back
[00:02:55] [Server thread/INFO]: xRoma47x was slain by GrPatrixYT
[00:02:57] [Server thread/INFO]: xRoma47x issued server command: /back
[00:03:15] [Server thread/INFO]: xRoma47x was slain by GrPatrixYT
[00:03:18] [Server thread/INFO]: xRoma47x issued server command: /back
[00:06:09] [Server thread/INFO]: xRoma47x hit the ground too hard
[00:06:15] [Server thread/INFO]: xRoma47x issued server command: /back
[00:09:36] [Server thread/INFO]: xRoma47x issued server command: /home end
[00:09:47] [Server thread/INFO]: xRoma47x issued server command: /home xRoma47x
[00:09:52] [Server thread/INFO]: xRoma47x issued server command: /home end
[00:10:12] [Server thread/INFO]: xRoma47x issued server command: /sethome 1
[00:10:22] [Server thread/INFO]: xRoma47x issued server command: /home 1
[00:10:28] [Server thread/INFO]: xRoma47x issued server command: /home xRoma47x
[00:10:30] [Server thread/INFO]: Cheta_YT issued server command: /tpa GrPatrixYT
[00:10:33] [Server thread/INFO]: GrPatrixYT issued server command: /tpaccept
[00:10:39] [Server thread/INFO]: Cheta_YT issued server command: /tpa GrPatrixYT
[00:10:51] [Server thread/INFO]: xRoma47x issued server command: /home Cheta_YT
[00:11:03] [Server thread/INFO]: Cheta_YT issued server command: /tpa GrPatrixYT
[00:11:05] [Server thread/INFO]: GrPatrixYT issued server command: /tpaccept
[00:11:25] [Server thread/INFO]: xRoma47x issued server command: /sethome ksa
[00:12:34] [Server thread/INFO]: GrPatrixYT issued server command: /tp Cheta_YT GrPatrixYT
[00:12:34] [Server thread/INFO]: [GrPatrixYT: Teleported Cheta_YT to GrPatrixYT]
[00:12:47] [Server thread/INFO]: Cheta_YT tried to swim in lava
[00:12:54] [Server thread/INFO]: Cheta_YT issued server command: /back
[00:13:20] [Server thread/INFO]: Cheta_YT has made the advancement [Hidden in the Depths]
[00:16:14] [Server thread/INFO]: Cheta_YT has completed the challenge [Hot Tourist Destinations]
[00:20:33] [Server thread/INFO]: xRoma47x lost connection: Disconnected
[00:20:33] [Server thread/INFO]: xRoma47x left the game
[00:20:38] [User Authenticator #3/INFO]: UUID of player xRoma47x is 8944fc3b-cd50-39c1-a5ea-89e96f123b85
[00:20:39] [Server thread/INFO]: xRoma47x joined the game
[00:20:39] [Server thread/INFO]: xRoma47x[/127.74.153.192:52195] logged in with entity id 39644 at ([world_the_end]96.37405981220648, 33.240161363839505, 12.745224389175242)
[00:23:15] [Server thread/INFO]: GrPatrixYT issued server command: /tp Cheta_YT
[00:23:15] [Server thread/INFO]: [GrPatrixYT: Teleported GrPatrixYT to Cheta_YT]
[00:23:21] [Server thread/INFO]: xRoma47x lost connection: Disconnected
[00:23:21] [Server thread/INFO]: xRoma47x left the game
[00:23:31] [User Authenticator #4/INFO]: UUID of player xRoma47x is 8944fc3b-cd50-39c1-a5ea-89e96f123b85
[00:23:32] [Server thread/INFO]: xRoma47x joined the game
[00:23:32] [Server thread/INFO]: xRoma47x[/127.74.153.192:57117] logged in with entity id 42422 at ([world]-657.6094061022817, 73.0, 85.25320551875903)
[00:23:48] [Server thread/INFO]: GrPatrixYT issued server command: /home
[00:23:48] [Server thread/INFO]: Cheta_YT issued server command: /tpa xRoma47x
[00:23:51] [Server thread/INFO]: xRoma47x issued server command: /tpaccept
[00:24:07] [Server thread/INFO]: Cheta_YT issued server command: /home
[00:24:09] [Server thread/INFO]: GrPatrixYT issued server command: /tp Cheta_YT
[00:24:09] [Server thread/INFO]: [GrPatrixYT: Teleported GrPatrixYT to Cheta_YT]
[00:24:16] [Server thread/INFO]: GrPatrixYT issued server command: /tp xRoma47x
[00:24:16] [Server thread/INFO]: [GrPatrixYT: Teleported GrPatrixYT to xRoma47x]
[00:24:44] [Server thread/INFO]: Villager Villager['Leatherworker'/43673, uuid='32efc3ff-8e41-4017-8888-37c8ad779df4', l='ServerLevel[world]', x=-1399.16, y=65.00, z=-271.18, cpos=[-88, -17], tl=88439, v=true] died, message: 'Leatherworker suffocated in a wall'
[00:24:59] [Server thread/INFO]: Cheta_YT lost connection: Disconnected
[00:24:59] [Server thread/INFO]: Cheta_YT left the game
[00:25:10] [User Authenticator #5/INFO]: UUID of player Cheta_YT is d62f9999-eb73-3833-a101-9c7b04270c86
[00:25:13] [Server thread/INFO]: Cheta_YT joined the game
[00:25:13] [Server thread/INFO]: Cheta_YT[/127.173.1.169:48375] logged in with entity id 43987 at ([world]-1248.1464342903387, 63.0, -405.90275489381855)
[00:25:23] [Server thread/INFO]: Cheta_YT has made the advancement [Ice Bucket Challenge]
[00:26:05] [Server thread/INFO]: GrPatrixYT issued server command: /tp Cheta_YT
[00:26:05] [Server thread/INFO]: [GrPatrixYT: Teleported GrPatrixYT to Cheta_YT]
[00:26:09] [Server thread/INFO]: xRoma47x issued server command: /home Cheta_YT
[00:26:17] [Server thread/INFO]: xRoma47x issued server command: /tpa Cheta_YT
[00:26:25] [Server thread/INFO]: Cheta_YT issued server command: /tpaccept
[00:27:35] [Server thread/INFO]: xRoma47x issued server command: /home Cheta_YT
[00:28:13] [Server thread/INFO]: GrPatrixYT issued server command: /tp Cheta_YT
[00:28:13] [Server thread/INFO]: [GrPatrixYT: Teleported GrPatrixYT to Cheta_YT]
[00:29:27] [Server thread/INFO]: GrPatrixYT issued server command: /tp Cheta_YT GrPatrixYT
[00:29:27] [Server thread/INFO]: [GrPatrixYT: Teleported Cheta_YT to GrPatrixYT]
[00:29:32] [Server thread/INFO]: GrPatrixYT issued server command: /tp xRoma47x GrPatrixYT
[00:29:32] [Server thread/INFO]: [GrPatrixYT: Teleported xRoma47x to GrPatrixYT]
[00:31:10] [Server thread/INFO]: xRoma47x issued server command: /home Cheta_YT
[00:31:11] [Server thread/INFO]: GrPatrixYT issued server command: /op Cheta_YT
[00:31:11] [Server thread/INFO]: [GrPatrixYT: Made Cheta_YT a server operator]
[00:31:16] [Server thread/INFO]: GrPatrixYT issued server command: /op x
[00:31:16] [Server thread/INFO]: [GrPatrixYT: Made x a server operator]
[00:31:20] [Server thread/INFO]: GrPatrixYT issued server command: /tp xRoma47x
[00:31:20] [Server thread/INFO]: [GrPatrixYT: Teleported GrPatrixYT to xRoma47x]
[00:31:24] [Server thread/INFO]: GrPatrixYT issued server command: /op xRoma47x
[00:31:24] [Server thread/INFO]: [GrPatrixYT: Made xRoma47x a server operator]
[00:31:27] [Server thread/INFO]: GrPatrixYT issued server command: /gamemode creative
[00:31:27] [Server thread/INFO]: [GrPatrixYT: Set own game mode to Creative Mode]
[00:31:36] [Server thread/INFO]: xRoma47x issued server command: /gamemode creative
[00:31:36] [Server thread/INFO]: [xRoma47x: Set own game mode to Creative Mode]
[00:31:37] [Server thread/INFO]: Cheta_YT issued server command: /gamemode creative
[00:31:37] [Server thread/INFO]: [Cheta_YT: Set own game mode to Creative Mode]
[00:32:28] [Server thread/INFO]: xRoma47x issued server command: /give @a minecraft:netherite_sword
[00:32:28] [Server thread/INFO]: [xRoma47x: Gave 1 [Netherite Sword] to 3]
[00:32:42] [Server thread/INFO]: Cheta_YT issued server command: /effect give @e minecraft:levitation infinite
[00:32:42] [Server thread/INFO]: [Cheta_YT: Applied effect Levitation to 783 targets]
[00:32:42] [Server thread/INFO]: xRoma47x issued server command: /give @a minecraft:netherite_axe
[00:32:42] [Server thread/INFO]: [xRoma47x: Gave 1 [Netherite Axe] to 3]
[00:32:55] [Server thread/INFO]: xRoma47x issued server command: /give @a minecraft:netherite_pickaxe
[00:32:55] [Server thread/INFO]: [xRoma47x: Gave 1 [Netherite Pickaxe] to 3]
[00:33:23] [Server thread/INFO]: Cheta_YT issued server command: /tp GrPatrixYT
[00:33:23] [Server thread/INFO]: [Cheta_YT: Teleported Cheta_YT to GrPatrixYT]
[00:33:48] [Server thread/INFO]: Cheta_YT issued server command: /tp xRoma47x
[00:33:48] [Server thread/INFO]: [Cheta_YT: Teleported Cheta_YT to xRoma47x]
[00:33:48] [Server thread/INFO]: Cheta_YT has completed the challenge [Great View From Up Here]
[00:34:08] [Server thread/INFO]: xRoma47x issued server command: /give @a minecraft:netherite_block 1000000000
[00:34:19] [Server thread/INFO]: GrPatrixYT has completed the challenge [Great View From Up Here]
[00:34:26] [Server thread/INFO]: xRoma47x issued server command: /tp GrPatrixYT
[00:34:26] [Server thread/INFO]: [xRoma47x: Teleported xRoma47x to GrPatrixYT]
[00:34:49] [Server thread/INFO]: Cheta_YT issued server command: /effect clear @e
[00:34:49] [Server thread/INFO]: [Cheta_YT: Removed every effect from 414 targets]
[00:34:52] [Server thread/INFO]: Villager Villager['Villager'/47989, uuid='9437f28a-0e8b-4f40-963b-c29e07a2537b', l='ServerLevel[world]', x=-761.72, y=66.94, z=83.50, cpos=[-48, 5], tl=85908, v=true] died, message: 'Villager hit the ground too hard'
[00:34:52] [Server thread/INFO]: Villager Villager['Farmer'/47990, uuid='9d95e676-4d4b-43b7-a27c-b0c2cdada737', l='ServerLevel[world]', x=-766.75, y=66.94, z=78.19, cpos=[-48, 4], tl=554447, v=true] died, message: 'Farmer hit the ground too hard'
[00:34:52] [Server thread/INFO]: Villager Villager['Villager'/47991, uuid='6e6c21c2-c46e-4a06-b4ad-4e3f054ec3ec', l='ServerLevel[world]', x=-759.88, y=66.94, z=82.45, cpos=[-48, 5], tl=86310, v=true] died, message: 'Villager hit the ground too hard'
[00:34:52] [Server thread/INFO]: Villager Villager['Farmer'/48105, uuid='37dbb992-2acf-4c0a-825c-b6919bbfe4cc', l='ServerLevel[world]', x=-765.90, y=66.94, z=79.82, cpos=[-48, 4], tl=488124, v=true] died, message: 'Farmer hit the ground too hard'
[00:34:52] [Server thread/INFO]: Villager Villager['Farmer'/48107, uuid='691d2770-bf33-4b31-a899-b308fd7385e1', l='ServerLevel[world]', x=-766.87, y=67.00, z=79.19, cpos=[-48, 4], tl=484298, v=true] died, message: 'Farmer hit the ground too hard'
[00:34:52] [Server thread/INFO]: Villager Villager['Farmer'/48108, uuid='e30a5f31-2476-467c-8461-d1fa14d02662', l='ServerLevel[world]', x=-765.27, y=66.94, z=81.46, cpos=[-48, 5], tl=476232, v=true] died, message: 'Farmer hit the ground too hard'
[00:35:48] [Server thread/INFO]: Cheta_YT lost connection: Disconnected
[00:35:48] [Server thread/INFO]: Cheta_YT left the game
[00:36:02] [User Authenticator #6/INFO]: UUID of player Cheta_YT is d62f9999-eb73-3833-a101-9c7b04270c86
[00:36:04] [Server thread/INFO]: Cheta_YT joined the game
[00:36:04] [Server thread/INFO]: Cheta_YT[/127.173.1.169:53759] logged in with entity id 51641 at ([world]-466.27350775576923, 116.63035467486826, -138.45804810220807)
[00:37:09] [Server thread/INFO]: Cheta_YT issued server command: /fill -468 62 -192 -535 72 -166 minecraft:tnt
[00:37:09] [Server thread/INFO]: [Cheta_YT: Successfully filled 20196 block(s)]
[00:39:52] [Server thread/INFO]: Cheta_YT issued server command: /fill -468 62 -192 -535 66 -215 minecraft:tnt
[00:39:52] [Server thread/INFO]: [Cheta_YT: Successfully filled 7820 block(s)]
[00:41:25] [Async Chat Thread - #0/INFO]: [Not Secure] <Cheta_YT> no quedo nada xd
[00:41:36] [Async Chat Thread - #0/INFO]: [Not Secure] <xRoma47x> walo se t peto el discord
[00:43:44] [Server thread/INFO]: Cheta_YT issued server command: /fill -468 62 -192 -521 78 -237 tnt
[00:44:00] [Server thread/INFO]: Cheta_YT issued server command: /fill -468 62 -192 -515 78 -216 tnt
[00:44:00] [Server thread/INFO]: [Cheta_YT: Successfully filled 20400 block(s)]
[00:44:55] [Server thread/INFO]: Cheta_YT issued server command: /effect give @e minecraft:levitation infinite
[00:44:55] [Server thread/INFO]: [Cheta_YT: Applied effect Levitation to 16789 targets]
[00:45:21] [Server thread/INFO]: Cheta_YT issued server command: /effect give @e minecraft:levitation infinite 50
[00:45:21] [Server thread/INFO]: [Cheta_YT: Applied effect Levitation to 14678 targets]
[00:46:59] [Server thread/INFO]: Cheta_YT issued server command: /fill -468 62 -192 -373 91 -184 tnt
[00:46:59] [Server thread/INFO]: [Cheta_YT: Successfully filled 25920 block(s)]
[00:48:14] [Server thread/INFO]: Cheta_YT issued server command: /fill -468 62 -192 -504 96 -114 minecraft:tnt
[00:48:37] [Server thread/INFO]: Cheta_YT issued server command: /fill -468 62 -192 -495 90 -123 minecraft:tnt
[00:48:44] [Server thread/INFO]: Cheta_YT issued server command: /summon minecraft:ender_dragon
[00:48:44] [Server thread/INFO]: [Cheta_YT: Summoned new Ender Dragon]
[00:48:56] [Server thread/INFO]: Cheta_YT issued server command: /summon minecraft:wither
[00:48:56] [Server thread/INFO]: [Cheta_YT: Summoned new Wither]
[00:49:35] [Server thread/INFO]: GrPatrixYT issued server command: /kill xRoma47x
[00:49:35] [Server thread/INFO]: xRoma47x was killed
[00:49:35] [Server thread/INFO]: [GrPatrixYT: Killed xRoma47x]
[00:49:42] [Server thread/INFO]: Cheta_YT issued server command: /fill -468 62 -192 -497 79 -140 minecraft:tnt
[00:49:42] [Server thread/INFO]: [Cheta_YT: Successfully filled 28620 block(s)]
[00:49:51] [Server thread/INFO]: GrPatrixYT issued server command: /tp xRoma47x
[00:49:51] [Server thread/INFO]: [GrPatrixYT: Teleported GrPatrixYT to xRoma47x]
[00:51:18] [Server thread/INFO]: GrPatrixYT issued server command: /fill -792 74 100 -683 80 13 minecraft:tnt
[00:51:29] [Server thread/INFO]: Cheta_YT lost connection: Timed out
[00:51:29] [Server thread/INFO]: Cheta_YT left the game
[00:51:45] [User Authenticator #7/INFO]: UUID of player Cheta_YT is d62f9999-eb73-3833-a101-9c7b04270c86
[00:51:47] [Server thread/INFO]: Cheta_YT joined the game
[00:51:47] [Server thread/INFO]: Cheta_YT[/127.173.1.169:40863] logged in with entity id 173906 at ([world]-524.3243452929269, 87.38781117181564, -86.08831274074691)
[00:51:49] [Server thread/INFO]: GrPatrixYT issued server command: /fill -792 74 100 -681 76 26 minecraft:tnt
[00:51:49] [Server thread/INFO]: [GrPatrixYT: Successfully filled 25200 block(s)]
[00:51:51] [Server thread/INFO]: xRoma47x issued server command: /tp GrPatrixYT
[00:51:51] [Server thread/INFO]: [xRoma47x: Teleported xRoma47x to GrPatrixYT]
[00:52:32] [Server thread/INFO]: Cheta_YT lost connection: Timed out
[00:52:32] [Server thread/INFO]: Cheta_YT left the game
[00:52:50] [Server thread/INFO]: Villager Villager['Villager'/47983, uuid='a4b4794c-3804-4322-918c-2a6e9959cbb1', l='ServerLevel[world]', x=-762.91, y=64.05, z=71.30, cpos=[-48, 4], tl=256155, v=true] died, message: 'Villager was blown up by GrPatrixYT'
[00:52:52] [User Authenticator #8/INFO]: UUID of player Cheta_YT is d62f9999-eb73-3833-a101-9c7b04270c86
[00:52:52] [Server thread/INFO]: Villager Villager['Librarian'/47952, uuid='b34cefe0-e8f8-42bf-a478-eb2c4f6a9fee', l='ServerLevel[world]', x=-750.99, y=67.05, z=70.59, cpos=[-47, 4], tl=174622, v=true] died, message: 'Librarian was blown up by GrPatrixYT'
[00:52:53] [Server thread/INFO]: Villager Villager['Villager'/47973, uuid='e7e4afa4-88ff-4ded-b5e6-827c37b33278', l='ServerLevel[world]', x=-761.77, y=72.05, z=73.98, cpos=[-48, 4], tl=465318, v=true] died, message: 'Villager was blown up by GrPatrixYT'
[00:52:53] [Server thread/INFO]: Villager Villager['Villager'/47987, uuid='cdfae6aa-540a-4390-84ff-20ed9dce5290', l='ServerLevel[world]', x=-762.94, y=72.05, z=72.33, cpos=[-48, 4], tl=134634, v=true] died, message: 'Villager was blown up by GrPatrixYT'
[00:52:53] [Server thread/INFO]: Villager Villager['Villager'/47972, uuid='16ef7990-ff3c-48f4-840c-e8dcb408ae10', l='ServerLevel[world]', x=-762.31, y=72.05, z=71.23, cpos=[-48, 4], tl=120169, v=true] died, message: 'Villager was blown up by GrPatrixYT'
[00:52:53] [Server thread/INFO]: Villager Villager['Villager'/47975, uuid='0db09a15-27d8-4698-8991-0f7a1764d6e7', l='ServerLevel[world]', x=-761.85, y=72.05, z=72.23, cpos=[-48, 4], tl=385867, v=true] died, message: 'Villager was blown up by GrPatrixYT'
[00:52:53] [Server thread/INFO]: Villager Villager['Villager'/47978, uuid='9609ca25-24e8-46ec-ab21-8a26f35c8b56', l='ServerLevel[world]', x=-764.42, y=72.05, z=69.37, cpos=[-48, 4], tl=189817, v=true] died, message: 'Villager was blown up by GrPatrixYT'
[00:52:53] [Server thread/INFO]: Villager Villager['Villager'/47977, uuid='905f115b-e949-4870-ad3c-2b83eca9e2ee', l='ServerLevel[world]', x=-765.15, y=72.05, z=72.33, cpos=[-48, 4], tl=408987, v=true] died, message: 'Villager was blown up by GrPatrixYT'
[00:52:53] [Server thread/INFO]: Villager Villager['Villager'/47979, uuid='d907a044-4a49-40cc-9fcd-3ab8c031c7de', l='ServerLevel[world]', x=-765.45, y=72.05, z=73.02, cpos=[-48, 4], tl=265202, v=true] died, message: 'Villager was blown up by GrPatrixYT'
[00:52:53] [Server thread/INFO]: Villager Villager['Villager'/47980, uuid='b736e208-5f74-4076-8ccb-8bf2aa1d7fc2', l='ServerLevel[world]', x=-763.31, y=72.05, z=71.34, cpos=[-48, 4], tl=356763, v=true] died, message: 'Villager was blown up by GrPatrixYT'
[00:52:53] [Server thread/INFO]: Villager Villager['Villager'/47981, uuid='11797840-bf43-4ee1-84ce-a0f5c50b32e5', l='ServerLevel[world]', x=-761.49, y=72.05, z=73.08, cpos=[-48, 4], tl=316235, v=true] died, message: 'Villager was blown up by GrPatrixYT'
[00:52:53] [Server thread/INFO]: Villager Villager['Villager'/47982, uuid='59fcf735-b015-4b52-b6df-ff7ce24758a3', l='ServerLevel[world]', x=-766.43, y=72.05, z=69.51, cpos=[-48, 4], tl=242143, v=true] died, message: 'Villager was blown up by GrPatrixYT'
[00:52:53] [Server thread/INFO]: Villager Villager['Villager'/47984, uuid='dfe1bc48-1178-41ba-80e3-4b914a9892d9', l='ServerLevel[world]', x=-763.78, y=72.05, z=73.42, cpos=[-48, 4], tl=224827, v=true] died, message: 'Villager was blown up by GrPatrixYT'
[00:52:53] [Server thread/INFO]: Cheta_YT joined the game
[00:52:53] [Server thread/INFO]: Cheta_YT[/127.173.1.169:45161] logged in with entity id 199621 at ([world]-664.9378079844632, 336.38479591732374, 21.354863672788813)
[00:53:01] [Server thread/INFO]: Cheta_YT issued server command: /tp grpatrixyt
[00:53:01] [Server thread/INFO]: [Cheta_YT: Teleported Cheta_YT to GrPatrixYT]
[00:53:10] [Server thread/INFO]: Cheta_YT issued server command: /effect clear @e
[00:53:10] [Server thread/INFO]: [Cheta_YT: Removed every effect from 13344 targets]
[00:53:25] [Server thread/INFO]: Villager Villager['Villager'/47976, uuid='e54b9d63-a549-4e24-9dce-ae7cba5eb656', l='ServerLevel[world]', x=-764.93, y=63.00, z=68.70, cpos=[-48, 4], tl=394512, v=true] died, message: 'Villager hit the ground too hard'
[00:53:26] [Server thread/INFO]: Cheta_YT lost connection: Timed out
[00:53:26] [Server thread/INFO]: Cheta_YT left the game
